[INFO ][20210527 14:48:32,617][AbstractApplicationContext:510] Refreshing org.springframework.context.support.ClassPathXmlApplicationContext@7946e1f4: startup date [Thu May 27 14:48:32 CST 2021]; root of context hierarchy
[INFO ][20210527 14:48:32,677][XmlBeanDefinitionReader:315] Loading XML bean definitions from class path resource [spring/spring-context.xml]
[INFO ][20210527 14:48:32,913][XmlBeanDefinitionReader:315] Loading XML bean definitions from class path resource [spring/spring-mq.xml]
[INFO ][20210527 14:48:32,945][DefaultListableBeanFactory:665] Overriding bean definition for bean 'consumerSessionAwareMessageListener': replacing [Generic bean: class [cn.ashin.mq.listener.ConsumerSessionAwareMessageListener]; scope=singleton; abstract=false; lazyInit=false; autowireMode=1; dependencyCheck=0; autowireCandidate=true; primary=false; factoryBeanName=null; factoryMethodName=null; initMethodName=null; destroyMethodName=null; defined in file [D:\projectStore\MiddleWare\ActiveMQ\mqconsumer\target\classes\cn\ashin\mq\listener\ConsumerSessionAwareMessageListener.class]] with [Generic bean: class [cn.ashin.mq.listener.ConsumerSessionAwareMessageListener]; scope=; abstract=false; lazyInit=false; autowireMode=1; dependencyCheck=0; autowireCandidate=true; primary=false; factoryBeanName=null; factoryMethodName=null; initMethodName=null; destroyMethodName=null; defined in class path resource [spring/spring-mq.xml]]
[INFO ][20210527 14:48:32,994][XmlBeanDefinitionReader:315] Loading XML bean definitions from class path resource [spring/spring-mail.xml]
[INFO ][20210527 14:48:33,129][PropertiesLoaderSupport:172] Loading properties file from class path resource [mq.properties]
[INFO ][20210527 14:48:33,130][PropertiesLoaderSupport:172] Loading properties file from class path resource [mail.properties]
[INFO ][20210527 14:48:33,181][DefaultListableBeanFactory:598] Pre-instantiating singletons in org.springframework.beans.factory.support.DefaultListableBeanFactory@5b7a5baa: defining beans [org.springframework.context.annotation.internalConfigurationAnnotationProcessor,org.springframework.context.annotation.internalAutowiredAnnotationProcessor,org.springframework.context.annotation.internalRequiredAnnotationProcessor,org.springframework.context.annotation.internalCommonAnnotationProcessor,mailBiz,consumerSessionAwareMessageListener,org.springframework.context.support.PropertySourcesPlaceholderConfigurer#0,org.springframework.aop.config.internalAutoProxyCreator,targetConnectionFactory,pooledConnectionFactory,connectionFactory,activeMqJmsTemplate,sessionAwareQueue,sessionAwareListenerContainer,mailSender,simpleMailMessage,threadPool,org.springframework.context.annotation.ConfigurationClassPostProcessor.importAwareProcessor]; root of factory hierarchy
[INFO ][20210527 14:48:33,298][ExecutorConfigurationSupport:154] Initializing ExecutorService  'threadPool'
[INFO ][20210527 14:48:33,410][DefaultLifecycleProcessor$LifecycleGroup:334] Starting beans in phase 2147483647
[INFO ][20210527 14:48:33,567][SingleConnectionFactory:291] Established shared JMS Connection: PooledConnection { ConnectionPool[ActiveMQConnection {id=ID:DESKTOP-SEJ1B3J-31336-1622098113456-1:1,clientId=null,started=false}] }
[INFO ][20210527 14:48:33,582][DefaultLifecycleProcessor$LifecycleGroup:334] Starting beans in phase 2147483647
[INFO ][20210527 14:48:33,673][ConsumerSessionAwareMessageListener:44] --->receive message:{"content":"通过ActiveMQ发送的邮件。","subject":"ActiveMQ测试--->0","to":"1134747717@qq.com"}
[INFO ][20210527 14:48:33,888][ConsumerSessionAwareMessageListener:44] --->receive message:{"content":"通过ActiveMQ发送的邮件。","subject":"ActiveMQ测试--->1","to":"1134747717@qq.com"}
[INFO ][20210527 14:48:33,889][ConsumerSessionAwareMessageListener:44] --->receive message:{"content":"通过ActiveMQ发送的邮件。","subject":"ActiveMQ测试--->2","to":"1134747717@qq.com"}
[INFO ][20210527 14:48:33,890][ConsumerSessionAwareMessageListener:44] --->receive message:{"content":"通过ActiveMQ发送的邮件。","subject":"ActiveMQ测试--->3","to":"1134747717@qq.com"}
[INFO ][20210527 14:48:33,892][ConsumerSessionAwareMessageListener:44] --->receive message:{"content":"通过ActiveMQ发送的邮件。","subject":"ActiveMQ测试--->4","to":"1134747717@qq.com"}
[INFO ][20210527 14:48:33,893][ConsumerSessionAwareMessageListener:44] --->receive message:{"content":"通过ActiveMQ发送的邮件。","subject":"ActiveMQ测试--->0","to":"1134747717@qq.com"}
[INFO ][20210527 14:48:33,894][ConsumerSessionAwareMessageListener:44] --->receive message:{"content":"通过ActiveMQ发送的邮件。","subject":"ActiveMQ测试--->1","to":"1134747717@qq.com"}
[INFO ][20210527 14:48:33,895][ConsumerSessionAwareMessageListener:44] --->receive message:{"content":"通过ActiveMQ发送的邮件。","subject":"ActiveMQ测试--->2","to":"1134747717@qq.com"}
[INFO ][20210527 14:48:33,895][ConsumerSessionAwareMessageListener:44] --->receive message:{"content":"通过ActiveMQ发送的邮件。","subject":"ActiveMQ测试--->3","to":"1134747717@qq.com"}
[INFO ][20210527 14:48:33,896][ConsumerSessionAwareMessageListener:44] --->receive message:{"content":"通过ActiveMQ发送的邮件。","subject":"ActiveMQ测试--->4","to":"1134747717@qq.com"}
[INFO ][20210527 14:48:33,896][ConsumerSessionAwareMessageListener:44] --->receive message:{"content":"通过ActiveMQ发送的邮件。","subject":"ActiveMQ测试--->0","to":"1134747717@qq.com"}
[INFO ][20210527 14:48:33,897][ConsumerSessionAwareMessageListener:44] --->receive message:{"content":"通过ActiveMQ发送的邮件。","subject":"ActiveMQ测试--->1","to":"1134747717@qq.com"}
[INFO ][20210527 14:48:33,898][ConsumerSessionAwareMessageListener:44] --->receive message:{"content":"通过ActiveMQ发送的邮件。","subject":"ActiveMQ测试--->2","to":"1134747717@qq.com"}
[INFO ][20210527 14:48:33,899][ConsumerSessionAwareMessageListener:44] --->receive message:{"content":"通过ActiveMQ发送的邮件。","subject":"ActiveMQ测试--->3","to":"1134747717@qq.com"}
[INFO ][20210527 14:48:33,899][ConsumerSessionAwareMessageListener:44] --->receive message:{"content":"通过ActiveMQ发送的邮件。","subject":"ActiveMQ测试--->4","to":"1134747717@qq.com"}
[INFO ][20210527 14:50:01,112][AbstractApplicationContext:510] Refreshing org.springframework.context.support.ClassPathXmlApplicationContext@7946e1f4: startup date [Thu May 27 14:50:01 CST 2021]; root of context hierarchy
[INFO ][20210527 14:50:01,157][XmlBeanDefinitionReader:315] Loading XML bean definitions from class path resource [spring/spring-context.xml]
[INFO ][20210527 14:50:01,346][XmlBeanDefinitionReader:315] Loading XML bean definitions from class path resource [spring/spring-mq.xml]
[INFO ][20210527 14:50:01,367][DefaultListableBeanFactory:665] Overriding bean definition for bean 'consumerSessionAwareMessageListener': replacing [Generic bean: class [cn.ashin.mq.listener.ConsumerSessionAwareMessageListener]; scope=singleton; abstract=false; lazyInit=false; autowireMode=1; dependencyCheck=0; autowireCandidate=true; primary=false; factoryBeanName=null; factoryMethodName=null; initMethodName=null; destroyMethodName=null; defined in file [D:\projectStore\MiddleWare\ActiveMQ\mqconsumer\target\classes\cn\ashin\mq\listener\ConsumerSessionAwareMessageListener.class]] with [Generic bean: class [cn.ashin.mq.listener.ConsumerSessionAwareMessageListener]; scope=; abstract=false; lazyInit=false; autowireMode=1; dependencyCheck=0; autowireCandidate=true; primary=false; factoryBeanName=null; factoryMethodName=null; initMethodName=null; destroyMethodName=null; defined in class path resource [spring/spring-mq.xml]]
[INFO ][20210527 14:50:01,369][XmlBeanDefinitionReader:315] Loading XML bean definitions from class path resource [spring/spring-mail.xml]
[INFO ][20210527 14:50:01,494][PropertiesLoaderSupport:172] Loading properties file from class path resource [mq.properties]
[INFO ][20210527 14:50:01,495][PropertiesLoaderSupport:172] Loading properties file from class path resource [mail.properties]
[INFO ][20210527 14:50:01,543][DefaultListableBeanFactory:598] Pre-instantiating singletons in org.springframework.beans.factory.support.DefaultListableBeanFactory@5b7a5baa: defining beans [org.springframework.context.annotation.internalConfigurationAnnotationProcessor,org.springframework.context.annotation.internalAutowiredAnnotationProcessor,org.springframework.context.annotation.internalRequiredAnnotationProcessor,org.springframework.context.annotation.internalCommonAnnotationProcessor,mailBiz,consumerSessionAwareMessageListener,org.springframework.context.support.PropertySourcesPlaceholderConfigurer#0,org.springframework.aop.config.internalAutoProxyCreator,targetConnectionFactory,pooledConnectionFactory,connectionFactory,activeMqJmsTemplate,sessionAwareQueue,sessionAwareListenerContainer,mailSender,simpleMailMessage,threadPool,org.springframework.context.annotation.ConfigurationClassPostProcessor.importAwareProcessor]; root of factory hierarchy
[INFO ][20210527 14:50:01,631][ExecutorConfigurationSupport:154] Initializing ExecutorService  'threadPool'
[INFO ][20210527 14:50:01,793][DefaultLifecycleProcessor$LifecycleGroup:334] Starting beans in phase 2147483647
[INFO ][20210527 14:50:01,965][SingleConnectionFactory:291] Established shared JMS Connection: PooledConnection { ConnectionPool[ActiveMQConnection {id=ID:DESKTOP-SEJ1B3J-31417-1622098201848-1:1,clientId=null,started=false}] }
[INFO ][20210527 14:50:01,982][DefaultLifecycleProcessor$LifecycleGroup:334] Starting beans in phase 2147483647
[INFO ][20210527 14:50:13,542][ConsumerSessionAwareMessageListener:44] --->receive message:{"content":"通过ActiveMQ发送的邮件。","subject":"ActiveMQ测试--->0","to":"1134747717@qq.com"}
[INFO ][20210527 14:50:13,611][ConsumerSessionAwareMessageListener:44] --->receive message:{"content":"通过ActiveMQ发送的邮件。","subject":"ActiveMQ测试--->1","to":"1134747717@qq.com"}
[INFO ][20210527 14:50:13,612][ConsumerSessionAwareMessageListener:44] --->receive message:{"content":"通过ActiveMQ发送的邮件。","subject":"ActiveMQ测试--->2","to":"1134747717@qq.com"}
[INFO ][20210527 14:50:13,613][ConsumerSessionAwareMessageListener:44] --->receive message:{"content":"通过ActiveMQ发送的邮件。","subject":"ActiveMQ测试--->3","to":"1134747717@qq.com"}
[INFO ][20210527 14:50:13,616][ConsumerSessionAwareMessageListener:44] --->receive message:{"content":"通过ActiveMQ发送的邮件。","subject":"ActiveMQ测试--->4","to":"1134747717@qq.com"}
[INFO ][20210527 14:55:40,430][ConsumerSessionAwareMessageListener:44] --->receive message:{"content":"Hello,本座来测试一下邮件发送是否成功","subject":"ActiveMQ测试","to":"1134747717@qq.com"}
[INFO ][20210527 14:56:06,965][AbstractApplicationContext:510] Refreshing org.springframework.context.support.ClassPathXmlApplicationContext@7946e1f4: startup date [Thu May 27 14:56:06 CST 2021]; root of context hierarchy
[INFO ][20210527 14:56:07,015][XmlBeanDefinitionReader:315] Loading XML bean definitions from class path resource [spring/spring-context.xml]
[INFO ][20210527 14:56:07,233][XmlBeanDefinitionReader:315] Loading XML bean definitions from class path resource [spring/spring-mq.xml]
[INFO ][20210527 14:56:07,261][DefaultListableBeanFactory:665] Overriding bean definition for bean 'consumerSessionAwareMessageListener': replacing [Generic bean: class [cn.ashin.mq.listener.ConsumerSessionAwareMessageListener]; scope=singleton; abstract=false; lazyInit=false; autowireMode=1; dependencyCheck=0; autowireCandidate=true; primary=false; factoryBeanName=null; factoryMethodName=null; initMethodName=null; destroyMethodName=null; defined in file [D:\projectStore\MiddleWare\ActiveMQ\mqconsumer\target\classes\cn\ashin\mq\listener\ConsumerSessionAwareMessageListener.class]] with [Generic bean: class [cn.ashin.mq.listener.ConsumerSessionAwareMessageListener]; scope=; abstract=false; lazyInit=false; autowireMode=1; dependencyCheck=0; autowireCandidate=true; primary=false; factoryBeanName=null; factoryMethodName=null; initMethodName=null; destroyMethodName=null; defined in class path resource [spring/spring-mq.xml]]
[INFO ][20210527 14:56:07,262][XmlBeanDefinitionReader:315] Loading XML bean definitions from class path resource [spring/spring-mail.xml]
[INFO ][20210527 14:56:07,392][PropertiesLoaderSupport:172] Loading properties file from class path resource [mq.properties]
[INFO ][20210527 14:56:07,393][PropertiesLoaderSupport:172] Loading properties file from class path resource [mail.properties]
[INFO ][20210527 14:56:07,439][DefaultListableBeanFactory:598] Pre-instantiating singletons in org.springframework.beans.factory.support.DefaultListableBeanFactory@5b7a5baa: defining beans [org.springframework.context.annotation.internalConfigurationAnnotationProcessor,org.springframework.context.annotation.internalAutowiredAnnotationProcessor,org.springframework.context.annotation.internalRequiredAnnotationProcessor,org.springframework.context.annotation.internalCommonAnnotationProcessor,mailBiz,consumerSessionAwareMessageListener,org.springframework.context.support.PropertySourcesPlaceholderConfigurer#0,org.springframework.aop.config.internalAutoProxyCreator,targetConnectionFactory,pooledConnectionFactory,connectionFactory,activeMqJmsTemplate,sessionAwareQueue,sessionAwareListenerContainer,mailSender,simpleMailMessage,threadPool,org.springframework.context.annotation.ConfigurationClassPostProcessor.importAwareProcessor]; root of factory hierarchy
[INFO ][20210527 14:56:07,515][ExecutorConfigurationSupport:154] Initializing ExecutorService  'threadPool'
[INFO ][20210527 14:56:07,621][DefaultLifecycleProcessor$LifecycleGroup:334] Starting beans in phase 2147483647
[INFO ][20210527 14:56:07,777][SingleConnectionFactory:291] Established shared JMS Connection: PooledConnection { ConnectionPool[ActiveMQConnection {id=ID:DESKTOP-SEJ1B3J-31897-1622098567664-1:1,clientId=null,started=false}] }
[INFO ][20210527 14:56:07,794][DefaultLifecycleProcessor$LifecycleGroup:334] Starting beans in phase 2147483647
[INFO ][20210527 14:56:17,536][ConsumerSessionAwareMessageListener:44] --->receive message:{"content":"Hello,本座来测试一下邮件发送是否成功","subject":"ActiveMQ测试","to":"1134747717@qq.com"}
[INFO ][20210527 14:57:22,760][ConsumerSessionAwareMessageListener:44] --->receive message:{"content":"Hello,本座来测试一下邮件发送是否成功，第二次","subject":"ActiveMQ测试","to":"1134747717@qq.com"}
[INFO ][20210527 15:01:30,673][AbstractApplicationContext:510] Refreshing org.springframework.context.support.ClassPathXmlApplicationContext@7946e1f4: startup date [Thu May 27 15:01:30 CST 2021]; root of context hierarchy
[INFO ][20210527 15:01:30,725][XmlBeanDefinitionReader:315] Loading XML bean definitions from class path resource [spring/spring-context.xml]
[INFO ][20210527 15:01:30,977][XmlBeanDefinitionReader:315] Loading XML bean definitions from class path resource [spring/spring-mq.xml]
[INFO ][20210527 15:01:31,005][DefaultListableBeanFactory:665] Overriding bean definition for bean 'consumerSessionAwareMessageListener': replacing [Generic bean: class [cn.ashin.mq.listener.ConsumerSessionAwareMessageListener]; scope=singleton; abstract=false; lazyInit=false; autowireMode=1; dependencyCheck=0; autowireCandidate=true; primary=false; factoryBeanName=null; factoryMethodName=null; initMethodName=null; destroyMethodName=null; defined in file [D:\projectStore\MiddleWare\MainSender\mqconsumer\target\classes\cn\ashin\mq\listener\ConsumerSessionAwareMessageListener.class]] with [Generic bean: class [cn.ashin.mq.listener.ConsumerSessionAwareMessageListener]; scope=; abstract=false; lazyInit=false; autowireMode=1; dependencyCheck=0; autowireCandidate=true; primary=false; factoryBeanName=null; factoryMethodName=null; initMethodName=null; destroyMethodName=null; defined in class path resource [spring/spring-mq.xml]]
[INFO ][20210527 15:01:31,007][XmlBeanDefinitionReader:315] Loading XML bean definitions from class path resource [spring/spring-mail.xml]
[INFO ][20210527 15:01:31,134][PropertiesLoaderSupport:172] Loading properties file from class path resource [mq.properties]
[INFO ][20210527 15:01:31,134][PropertiesLoaderSupport:172] Loading properties file from class path resource [mail.properties]
[INFO ][20210527 15:01:31,174][DefaultListableBeanFactory:598] Pre-instantiating singletons in org.springframework.beans.factory.support.DefaultListableBeanFactory@5b7a5baa: defining beans [org.springframework.context.annotation.internalConfigurationAnnotationProcessor,org.springframework.context.annotation.internalAutowiredAnnotationProcessor,org.springframework.context.annotation.internalRequiredAnnotationProcessor,org.springframework.context.annotation.internalCommonAnnotationProcessor,mailBiz,consumerSessionAwareMessageListener,org.springframework.context.support.PropertySourcesPlaceholderConfigurer#0,org.springframework.aop.config.internalAutoProxyCreator,targetConnectionFactory,pooledConnectionFactory,connectionFactory,activeMqJmsTemplate,sessionAwareQueue,sessionAwareListenerContainer,mailSender,simpleMailMessage,threadPool,org.springframework.context.annotation.ConfigurationClassPostProcessor.importAwareProcessor]; root of factory hierarchy
[INFO ][20210527 15:01:31,251][ExecutorConfigurationSupport:154] Initializing ExecutorService  'threadPool'
[INFO ][20210527 15:01:31,373][DefaultLifecycleProcessor$LifecycleGroup:334] Starting beans in phase 2147483647
[INFO ][20210527 15:01:31,541][SingleConnectionFactory:291] Established shared JMS Connection: PooledConnection { ConnectionPool[ActiveMQConnection {id=ID:DESKTOP-SEJ1B3J-31998-1622098891428-1:1,clientId=null,started=false}] }
[INFO ][20210527 15:01:31,556][DefaultLifecycleProcessor$LifecycleGroup:334] Starting beans in phase 2147483647
[INFO ][20210527 15:01:54,165][ConsumerSessionAwareMessageListener:44] --->receive message:{"content":"Hello,本座来测试一下邮件发送是否成功，第三次","subject":"ActiveMQ测试","to":"1134747717@qq.com"}
