[INFO ][20210527 14:45:40,041][AbstractApplicationContext:510] Refreshing org.springframework.context.support.ClassPathXmlApplicationContext@6276ae34: startup date [Thu May 27 14:45:40 CST 2021]; root of context hierarchy
[INFO ][20210527 14:45:40,101][XmlBeanDefinitionReader:315] Loading XML bean definitions from class path resource [spring/spring-context.xml]
[INFO ][20210527 14:45:40,389][XmlBeanDefinitionReader:315] Loading XML bean definitions from class path resource [spring/spring-mq.xml]
[INFO ][20210527 14:45:40,542][PropertiesLoaderSupport:172] Loading properties file from class path resource [mq.properties]
[INFO ][20210527 14:45:40,618][DefaultListableBeanFactory:598] Pre-instantiating singletons in org.springframework.beans.factory.support.DefaultListableBeanFactory@2b71e916: defining beans [org.springframework.context.annotation.internalConfigurationAnnotationProcessor,org.springframework.context.annotation.internalAutowiredAnnotationProcessor,org.springframework.context.annotation.internalRequiredAnnotationProcessor,org.springframework.context.annotation.internalCommonAnnotationProcessor,mqProducer,org.springframework.context.support.PropertySourcesPlaceholderConfigurer#0,org.springframework.aop.config.internalAutoProxyCreator,targetConnectionFactory,pooledConnectionFactory,connectionFactory,activeMqJmsTemplate,org.springframework.context.annotation.ConfigurationClassPostProcessor.importAwareProcessor]; root of factory hierarchy
[ERROR][20210527 14:45:43,033][MQProducerTest:34] --->MQ context start error:
org.springframework.jms.UncategorizedJmsException: Uncategorized exception occured during JMS processing; nested exception is javax.jms.JMSException: Error while attempting to add new Connection to the pool; nested exception is javax.jms.JMSException: Could not connect to broker URL: tcp://127.0.0.1:61616. Reason: java.net.ConnectException: Connection refused: no further information
	at org.springframework.jms.support.JmsUtils.convertJmsAccessException(JmsUtils.java:316)
	at org.springframework.jms.support.JmsAccessor.convertJmsAccessException(JmsAccessor.java:168)
	at org.springframework.jms.core.JmsTemplate.execute(JmsTemplate.java:469)
	at org.springframework.jms.core.JmsTemplate.send(JmsTemplate.java:543)
	at org.springframework.jms.core.JmsTemplate.send(JmsTemplate.java:529)
	at cn.ashin.mq.MQProducer.sendMessage(MQProducer.java:32)
	at cn.ashin.mqtest.MQProducerTest.main(MQProducerTest.java:30)
Caused by: javax.jms.JMSException: Error while attempting to add new Connection to the pool
	at org.apache.activemq.jms.pool.PooledConnectionFactory.createJmsException(PooledConnectionFactory.java:267)
	at org.apache.activemq.jms.pool.PooledConnectionFactory.createConnection(PooledConnectionFactory.java:226)
	at org.apache.activemq.jms.pool.PooledConnectionFactory.createConnection(PooledConnectionFactory.java:205)
	at org.springframework.jms.connection.SingleConnectionFactory.doCreateConnection(SingleConnectionFactory.java:342)
	at org.springframework.jms.connection.SingleConnectionFactory.initConnection(SingleConnectionFactory.java:288)
	at org.springframework.jms.connection.SingleConnectionFactory.createConnection(SingleConnectionFactory.java:225)
	at org.springframework.jms.support.JmsAccessor.createConnection(JmsAccessor.java:184)
	at org.springframework.jms.core.JmsTemplate.execute(JmsTemplate.java:456)
	... 4 more
Caused by: javax.jms.JMSException: Could not connect to broker URL: tcp://127.0.0.1:61616. Reason: java.net.ConnectException: Connection refused: no further information
	at org.apache.activemq.util.JMSExceptionSupport.create(JMSExceptionSupport.java:36)
	at org.apache.activemq.ActiveMQConnectionFactory.createActiveMQConnection(ActiveMQConnectionFactory.java:360)
	at org.apache.activemq.ActiveMQConnectionFactory.createActiveMQConnection(ActiveMQConnectionFactory.java:305)
	at org.apache.activemq.ActiveMQConnectionFactory.createConnection(ActiveMQConnectionFactory.java:245)
	at org.apache.activemq.jms.pool.PooledConnectionFactory.createConnection(PooledConnectionFactory.java:276)
	at org.apache.activemq.jms.pool.PooledConnectionFactory$1.makeObject(PooledConnectionFactory.java:108)
	at org.apache.activemq.jms.pool.PooledConnectionFactory$1.makeObject(PooledConnectionFactory.java:88)
	at org.apache.commons.pool.impl.GenericKeyedObjectPool.addObject(GenericKeyedObjectPool.java:1748)
	at org.apache.activemq.jms.pool.PooledConnectionFactory.createConnection(PooledConnectionFactory.java:222)
	... 10 more
Caused by: java.net.ConnectException: Connection refused: no further information
	at java.base/sun.nio.ch.Net.pollConnect(Native Method)
	at java.base/sun.nio.ch.Net.pollConnectNow(Net.java:579)
	at java.base/sun.nio.ch.NioSocketImpl.timedFinishConnect(NioSocketImpl.java:549)
	at java.base/sun.nio.ch.NioSocketImpl.connect(NioSocketImpl.java:597)
	at java.base/java.net.SocksSocketImpl.connect(SocksSocketImpl.java:339)
	at java.base/java.net.Socket.connect(Socket.java:603)
	at org.apache.activemq.transport.tcp.TcpTransport.connect(TcpTransport.java:501)
	at org.apache.activemq.transport.tcp.TcpTransport.doStart(TcpTransport.java:464)
	at org.apache.activemq.util.ServiceSupport.start(ServiceSupport.java:55)
	at org.apache.activemq.transport.AbstractInactivityMonitor.start(AbstractInactivityMonitor.java:138)
	at org.apache.activemq.transport.TransportFilter.start(TransportFilter.java:58)
	at org.apache.activemq.transport.WireFormatNegotiator.start(WireFormatNegotiator.java:72)
	at org.apache.activemq.transport.TransportFilter.start(TransportFilter.java:58)
	at org.apache.activemq.transport.TransportFilter.start(TransportFilter.java:58)
	at org.apache.activemq.ActiveMQConnectionFactory.createActiveMQConnection(ActiveMQConnectionFactory.java:340)
	... 17 more
[INFO ][20210527 14:46:05,355][AbstractApplicationContext:510] Refreshing org.springframework.context.support.ClassPathXmlApplicationContext@39fb3ab6: startup date [Thu May 27 14:46:05 CST 2021]; root of context hierarchy
[INFO ][20210527 14:46:05,404][XmlBeanDefinitionReader:315] Loading XML bean definitions from class path resource [spring/spring-context.xml]
[INFO ][20210527 14:46:05,596][XmlBeanDefinitionReader:315] Loading XML bean definitions from class path resource [spring/spring-mq.xml]
[INFO ][20210527 14:46:05,706][PropertiesLoaderSupport:172] Loading properties file from class path resource [mq.properties]
[INFO ][20210527 14:46:05,742][DefaultListableBeanFactory:598] Pre-instantiating singletons in org.springframework.beans.factory.support.DefaultListableBeanFactory@411f53a0: defining beans [org.springframework.context.annotation.internalConfigurationAnnotationProcessor,org.springframework.context.annotation.internalAutowiredAnnotationProcessor,org.springframework.context.annotation.internalRequiredAnnotationProcessor,org.springframework.context.annotation.internalCommonAnnotationProcessor,mqProducer,org.springframework.context.support.PropertySourcesPlaceholderConfigurer#0,org.springframework.aop.config.internalAutoProxyCreator,targetConnectionFactory,pooledConnectionFactory,connectionFactory,activeMqJmsTemplate,org.springframework.context.annotation.ConfigurationClassPostProcessor.importAwareProcessor]; root of factory hierarchy
[INFO ][20210527 14:46:06,075][SingleConnectionFactory:291] Established shared JMS Connection: PooledConnection { ConnectionPool[ActiveMQConnection {id=ID:DESKTOP-SEJ1B3J-31194-1622097965914-1:1,clientId=null,started=false}] }
[INFO ][20210527 14:46:06,352][MQProducerTest:37] --->System.exit
[INFO ][20210527 14:46:45,987][AbstractApplicationContext:510] Refreshing org.springframework.context.support.ClassPathXmlApplicationContext@39fb3ab6: startup date [Thu May 27 14:46:45 CST 2021]; root of context hierarchy
[INFO ][20210527 14:46:46,046][XmlBeanDefinitionReader:315] Loading XML bean definitions from class path resource [spring/spring-context.xml]
[INFO ][20210527 14:46:46,271][XmlBeanDefinitionReader:315] Loading XML bean definitions from class path resource [spring/spring-mq.xml]
[INFO ][20210527 14:46:46,412][PropertiesLoaderSupport:172] Loading properties file from class path resource [mq.properties]
[INFO ][20210527 14:46:46,459][DefaultListableBeanFactory:598] Pre-instantiating singletons in org.springframework.beans.factory.support.DefaultListableBeanFactory@411f53a0: defining beans [org.springframework.context.annotation.internalConfigurationAnnotationProcessor,org.springframework.context.annotation.internalAutowiredAnnotationProcessor,org.springframework.context.annotation.internalRequiredAnnotationProcessor,org.springframework.context.annotation.internalCommonAnnotationProcessor,mqProducer,org.springframework.context.support.PropertySourcesPlaceholderConfigurer#0,org.springframework.aop.config.internalAutoProxyCreator,targetConnectionFactory,pooledConnectionFactory,connectionFactory,activeMqJmsTemplate,org.springframework.context.annotation.ConfigurationClassPostProcessor.importAwareProcessor]; root of factory hierarchy
[INFO ][20210527 14:46:46,760][SingleConnectionFactory:291] Established shared JMS Connection: PooledConnection { ConnectionPool[ActiveMQConnection {id=ID:DESKTOP-SEJ1B3J-31229-1622098006648-1:1,clientId=null,started=false}] }
[INFO ][20210527 14:46:46,891][MQProducerTest:38] --->System.exit
[INFO ][20210527 14:47:06,080][AbstractApplicationContext:510] Refreshing org.springframework.context.support.ClassPathXmlApplicationContext@39fb3ab6: startup date [Thu May 27 14:47:06 CST 2021]; root of context hierarchy
[INFO ][20210527 14:47:06,132][XmlBeanDefinitionReader:315] Loading XML bean definitions from class path resource [spring/spring-context.xml]
[INFO ][20210527 14:47:06,362][XmlBeanDefinitionReader:315] Loading XML bean definitions from class path resource [spring/spring-mq.xml]
[INFO ][20210527 14:47:06,465][PropertiesLoaderSupport:172] Loading properties file from class path resource [mq.properties]
[INFO ][20210527 14:47:06,504][DefaultListableBeanFactory:598] Pre-instantiating singletons in org.springframework.beans.factory.support.DefaultListableBeanFactory@411f53a0: defining beans [org.springframework.context.annotation.internalConfigurationAnnotationProcessor,org.springframework.context.annotation.internalAutowiredAnnotationProcessor,org.springframework.context.annotation.internalRequiredAnnotationProcessor,org.springframework.context.annotation.internalCommonAnnotationProcessor,mqProducer,org.springframework.context.support.PropertySourcesPlaceholderConfigurer#0,org.springframework.aop.config.internalAutoProxyCreator,targetConnectionFactory,pooledConnectionFactory,connectionFactory,activeMqJmsTemplate,org.springframework.context.annotation.ConfigurationClassPostProcessor.importAwareProcessor]; root of factory hierarchy
[INFO ][20210527 14:47:06,807][SingleConnectionFactory:291] Established shared JMS Connection: PooledConnection { ConnectionPool[ActiveMQConnection {id=ID:DESKTOP-SEJ1B3J-31263-1622098026687-1:1,clientId=null,started=false}] }
[INFO ][20210527 14:47:06,960][MQProducerTest:39] --->System.exit
[INFO ][20210527 14:50:12,777][AbstractApplicationContext:510] Refreshing org.springframework.context.support.ClassPathXmlApplicationContext@39fb3ab6: startup date [Thu May 27 14:50:12 CST 2021]; root of context hierarchy
[INFO ][20210527 14:50:12,821][XmlBeanDefinitionReader:315] Loading XML bean definitions from class path resource [spring/spring-context.xml]
[INFO ][20210527 14:50:13,013][XmlBeanDefinitionReader:315] Loading XML bean definitions from class path resource [spring/spring-mq.xml]
[INFO ][20210527 14:50:13,114][PropertiesLoaderSupport:172] Loading properties file from class path resource [mq.properties]
[INFO ][20210527 14:50:13,149][DefaultListableBeanFactory:598] Pre-instantiating singletons in org.springframework.beans.factory.support.DefaultListableBeanFactory@411f53a0: defining beans [org.springframework.context.annotation.internalConfigurationAnnotationProcessor,org.springframework.context.annotation.internalAutowiredAnnotationProcessor,org.springframework.context.annotation.internalRequiredAnnotationProcessor,org.springframework.context.annotation.internalCommonAnnotationProcessor,mqProducer,org.springframework.context.support.PropertySourcesPlaceholderConfigurer#0,org.springframework.aop.config.internalAutoProxyCreator,targetConnectionFactory,pooledConnectionFactory,connectionFactory,activeMqJmsTemplate,org.springframework.context.annotation.ConfigurationClassPostProcessor.importAwareProcessor]; root of factory hierarchy
[INFO ][20210527 14:50:13,411][SingleConnectionFactory:291] Established shared JMS Connection: PooledConnection { ConnectionPool[ActiveMQConnection {id=ID:DESKTOP-SEJ1B3J-31430-1622098213296-1:1,clientId=null,started=false}] }
[INFO ][20210527 14:50:13,588][MQProducerTest:39] --->System.exit
[INFO ][20210527 14:55:39,575][AbstractApplicationContext:510] Refreshing org.springframework.context.support.ClassPathXmlApplicationContext@39fb3ab6: startup date [Thu May 27 14:55:39 CST 2021]; root of context hierarchy
[INFO ][20210527 14:55:39,618][XmlBeanDefinitionReader:315] Loading XML bean definitions from class path resource [spring/spring-context.xml]
[INFO ][20210527 14:55:39,831][XmlBeanDefinitionReader:315] Loading XML bean definitions from class path resource [spring/spring-mq.xml]
[INFO ][20210527 14:55:39,957][PropertiesLoaderSupport:172] Loading properties file from class path resource [mq.properties]
[INFO ][20210527 14:55:39,999][DefaultListableBeanFactory:598] Pre-instantiating singletons in org.springframework.beans.factory.support.DefaultListableBeanFactory@411f53a0: defining beans [org.springframework.context.annotation.internalConfigurationAnnotationProcessor,org.springframework.context.annotation.internalAutowiredAnnotationProcessor,org.springframework.context.annotation.internalRequiredAnnotationProcessor,org.springframework.context.annotation.internalCommonAnnotationProcessor,mqProducer,org.springframework.context.support.PropertySourcesPlaceholderConfigurer#0,org.springframework.aop.config.internalAutoProxyCreator,targetConnectionFactory,pooledConnectionFactory,connectionFactory,activeMqJmsTemplate,org.springframework.context.annotation.ConfigurationClassPostProcessor.importAwareProcessor]; root of factory hierarchy
[INFO ][20210527 14:55:40,283][SingleConnectionFactory:291] Established shared JMS Connection: PooledConnection { ConnectionPool[ActiveMQConnection {id=ID:DESKTOP-SEJ1B3J-31873-1622098540171-1:1,clientId=null,started=false}] }
[INFO ][20210527 14:55:40,435][MQProducerTest:35] --->System.exit
[INFO ][20210527 14:56:16,787][AbstractApplicationContext:510] Refreshing org.springframework.context.support.ClassPathXmlApplicationContext@39fb3ab6: startup date [Thu May 27 14:56:16 CST 2021]; root of context hierarchy
[INFO ][20210527 14:56:16,830][XmlBeanDefinitionReader:315] Loading XML bean definitions from class path resource [spring/spring-context.xml]
[INFO ][20210527 14:56:17,018][XmlBeanDefinitionReader:315] Loading XML bean definitions from class path resource [spring/spring-mq.xml]
[INFO ][20210527 14:56:17,116][PropertiesLoaderSupport:172] Loading properties file from class path resource [mq.properties]
[INFO ][20210527 14:56:17,153][DefaultListableBeanFactory:598] Pre-instantiating singletons in org.springframework.beans.factory.support.DefaultListableBeanFactory@411f53a0: defining beans [org.springframework.context.annotation.internalConfigurationAnnotationProcessor,org.springframework.context.annotation.internalAutowiredAnnotationProcessor,org.springframework.context.annotation.internalRequiredAnnotationProcessor,org.springframework.context.annotation.internalCommonAnnotationProcessor,mqProducer,org.springframework.context.support.PropertySourcesPlaceholderConfigurer#0,org.springframework.aop.config.internalAutoProxyCreator,targetConnectionFactory,pooledConnectionFactory,connectionFactory,activeMqJmsTemplate,org.springframework.context.annotation.ConfigurationClassPostProcessor.importAwareProcessor]; root of factory hierarchy
[INFO ][20210527 14:56:17,406][SingleConnectionFactory:291] Established shared JMS Connection: PooledConnection { ConnectionPool[ActiveMQConnection {id=ID:DESKTOP-SEJ1B3J-31905-1622098577295-1:1,clientId=null,started=false}] }
[INFO ][20210527 14:56:17,576][MQProducerTest:35] --->System.exit
[INFO ][20210527 14:57:21,926][AbstractApplicationContext:510] Refreshing org.springframework.context.support.ClassPathXmlApplicationContext@39fb3ab6: startup date [Thu May 27 14:57:21 CST 2021]; root of context hierarchy
[INFO ][20210527 14:57:21,982][XmlBeanDefinitionReader:315] Loading XML bean definitions from class path resource [spring/spring-context.xml]
[INFO ][20210527 14:57:22,193][XmlBeanDefinitionReader:315] Loading XML bean definitions from class path resource [spring/spring-mq.xml]
[INFO ][20210527 14:57:22,300][PropertiesLoaderSupport:172] Loading properties file from class path resource [mq.properties]
[INFO ][20210527 14:57:22,346][DefaultListableBeanFactory:598] Pre-instantiating singletons in org.springframework.beans.factory.support.DefaultListableBeanFactory@411f53a0: defining beans [org.springframework.context.annotation.internalConfigurationAnnotationProcessor,org.springframework.context.annotation.internalAutowiredAnnotationProcessor,org.springframework.context.annotation.internalRequiredAnnotationProcessor,org.springframework.context.annotation.internalCommonAnnotationProcessor,mqProducer,org.springframework.context.support.PropertySourcesPlaceholderConfigurer#0,org.springframework.aop.config.internalAutoProxyCreator,targetConnectionFactory,pooledConnectionFactory,connectionFactory,activeMqJmsTemplate,org.springframework.context.annotation.ConfigurationClassPostProcessor.importAwareProcessor]; root of factory hierarchy
[INFO ][20210527 14:57:22,632][SingleConnectionFactory:291] Established shared JMS Connection: PooledConnection { ConnectionPool[ActiveMQConnection {id=ID:DESKTOP-SEJ1B3J-31924-1622098642511-1:1,clientId=null,started=false}] }
[INFO ][20210527 14:57:22,811][MQProducerTest:35] --->System.exit
